2024-11-29 22:28:16,854 - INFO - Initializing IChingScraper
2024-11-29 22:28:16,858 - INFO - Scraper initialized
2024-11-29 22:28:16,860 - INFO - Initializing IChingScraper
2024-11-29 22:28:16,864 - INFO - Scraper initialized
2024-11-29 22:28:16,880 - INFO - Scrapy 2.12.0 started (bot: scrapybot)
2024-11-29 22:28:16,883 - INFO - Scrapy 2.12.0 started (bot: scrapybot)
2024-11-29 22:28:16,887 - INFO - Versions: lxml 5.3.0.0, libxml2 2.12.9, cssselect 1.2.0, parsel 1.9.1, w3lib 2.2.1, Twisted 24.10.0, Python 3.12.7 (main, Oct  1 2024, 22:26:44) [GCC 10.2.1 20210110], pyOpenSSL 24.3.0 (OpenSSL 3.3.2 3 Sep 2024), cryptography 43.0.3, Platform Linux-5.15.167.4-microsoft-standard-WSL2-x86_64-with-glibc2.31
2024-11-29 22:28:16,889 - INFO - Versions: lxml 5.3.0.0, libxml2 2.12.9, cssselect 1.2.0, parsel 1.9.1, w3lib 2.2.1, Twisted 24.10.0, Python 3.12.7 (main, Oct  1 2024, 22:26:44) [GCC 10.2.1 20210110], pyOpenSSL 24.3.0 (OpenSSL 3.3.2 3 Sep 2024), cryptography 43.0.3, Platform Linux-5.15.167.4-microsoft-standard-WSL2-x86_64-with-glibc2.31
2024-11-29 22:28:16,899 - INFO - Enabled addons:
[]
2024-11-29 22:28:16,900 - INFO - Enabled addons:
[]
2024-11-29 22:28:16,909 - DEBUG - Using reactor: twisted.internet.epollreactor.EPollReactor
2024-11-29 22:28:16,909 - DEBUG - Using reactor: twisted.internet.epollreactor.EPollReactor
2024-11-29 22:28:16,921 - INFO - Telnet Password: 66e22d794d0c0fc5
2024-11-29 22:28:16,922 - INFO - Telnet Password: 5bf5229c12b40ec1
2024-11-29 22:28:17,103 - INFO - Enabled extensions:
['scrapy.extensions.corestats.CoreStats',
 'scrapy.extensions.telnet.TelnetConsole',
 'scrapy.extensions.memusage.MemoryUsage',
 'scrapy.extensions.feedexport.FeedExporter',
 'scrapy.extensions.logstats.LogStats']
2024-11-29 22:28:17,104 - INFO - Enabled extensions:
['scrapy.extensions.corestats.CoreStats',
 'scrapy.extensions.telnet.TelnetConsole',
 'scrapy.extensions.memusage.MemoryUsage',
 'scrapy.extensions.feedexport.FeedExporter',
 'scrapy.extensions.logstats.LogStats']
2024-11-29 22:28:17,106 - INFO - Overridden settings:
{'CONCURRENT_REQUESTS': 1,
 'DOWNLOAD_DELAY': 2,
 'ROBOTSTXT_OBEY': True,
 'USER_AGENT': 'Mozilla/5.0 (Windows NT 10.0; Win64; x64) AppleWebKit/537.36 '
               '(KHTML, like Gecko) Chrome/91.0.4472.124 Safari/537.36'}
2024-11-29 22:28:17,107 - INFO - Overridden settings:
{'CONCURRENT_REQUESTS': 1,
 'DOWNLOAD_DELAY': 2,
 'ROBOTSTXT_OBEY': True,
 'USER_AGENT': 'Mozilla/5.0 (Windows NT 10.0; Win64; x64) AppleWebKit/537.36 '
               '(KHTML, like Gecko) Chrome/91.0.4472.124 Safari/537.36'}
2024-11-29 22:28:17,483 - INFO - Enabled downloader middlewares:
['scrapy.downloadermiddlewares.offsite.OffsiteMiddleware',
 'scrapy.downloadermiddlewares.robotstxt.RobotsTxtMiddleware',
 'scrapy.downloadermiddlewares.httpauth.HttpAuthMiddleware',
 'scrapy.downloadermiddlewares.downloadtimeout.DownloadTimeoutMiddleware',
 'scrapy.downloadermiddlewares.defaultheaders.DefaultHeadersMiddleware',
 'scrapy.downloadermiddlewares.useragent.UserAgentMiddleware',
 'scrapy.downloadermiddlewares.retry.RetryMiddleware',
 'scrapy.downloadermiddlewares.redirect.MetaRefreshMiddleware',
 'scrapy.downloadermiddlewares.httpcompression.HttpCompressionMiddleware',
 'scrapy.downloadermiddlewares.redirect.RedirectMiddleware',
 'scrapy.downloadermiddlewares.cookies.CookiesMiddleware',
 'scrapy.downloadermiddlewares.httpproxy.HttpProxyMiddleware',
 'scrapy.downloadermiddlewares.stats.DownloaderStats']
2024-11-29 22:28:17,484 - INFO - Enabled downloader middlewares:
['scrapy.downloadermiddlewares.offsite.OffsiteMiddleware',
 'scrapy.downloadermiddlewares.robotstxt.RobotsTxtMiddleware',
 'scrapy.downloadermiddlewares.httpauth.HttpAuthMiddleware',
 'scrapy.downloadermiddlewares.downloadtimeout.DownloadTimeoutMiddleware',
 'scrapy.downloadermiddlewares.defaultheaders.DefaultHeadersMiddleware',
 'scrapy.downloadermiddlewares.useragent.UserAgentMiddleware',
 'scrapy.downloadermiddlewares.retry.RetryMiddleware',
 'scrapy.downloadermiddlewares.redirect.MetaRefreshMiddleware',
 'scrapy.downloadermiddlewares.httpcompression.HttpCompressionMiddleware',
 'scrapy.downloadermiddlewares.redirect.RedirectMiddleware',
 'scrapy.downloadermiddlewares.cookies.CookiesMiddleware',
 'scrapy.downloadermiddlewares.httpproxy.HttpProxyMiddleware',
 'scrapy.downloadermiddlewares.stats.DownloaderStats']
2024-11-29 22:28:17,495 - INFO - Enabled spider middlewares:
['scrapy.spidermiddlewares.httperror.HttpErrorMiddleware',
 'scrapy.spidermiddlewares.referer.RefererMiddleware',
 'scrapy.spidermiddlewares.urllength.UrlLengthMiddleware',
 'scrapy.spidermiddlewares.depth.DepthMiddleware']
2024-11-29 22:28:17,496 - INFO - Enabled spider middlewares:
['scrapy.spidermiddlewares.httperror.HttpErrorMiddleware',
 'scrapy.spidermiddlewares.referer.RefererMiddleware',
 'scrapy.spidermiddlewares.urllength.UrlLengthMiddleware',
 'scrapy.spidermiddlewares.depth.DepthMiddleware']
2024-11-29 22:28:17,496 - INFO - Enabled item pipelines:
[]
2024-11-29 22:28:17,497 - INFO - Enabled item pipelines:
[]
2024-11-29 22:28:17,497 - INFO - Spider opened
2024-11-29 22:28:17,498 - INFO - Spider opened
2024-11-29 22:28:17,529 - INFO - Crawled 0 pages (at 0 pages/min), scraped 0 items (at 0 items/min)
2024-11-29 22:28:17,529 - INFO - Crawled 0 pages (at 0 pages/min), scraped 0 items (at 0 items/min)
2024-11-29 22:28:17,531 - INFO - Telnet console listening on 127.0.0.1:6023
2024-11-29 22:28:17,531 - INFO - Telnet console listening on 127.0.0.1:6024
2024-11-29 22:28:17,532 - INFO - Starting the crawling process
2024-11-29 22:28:17,532 - INFO - Starting the crawling process
2024-11-29 22:28:17,950 - DEBUG - Crawled (200) <GET https://www.ichingonline.net/robots.txt> (referer: None)
2024-11-29 22:28:17,999 - DEBUG - Crawled (200) <GET https://www.ichingonline.net/robots.txt> (referer: None)
2024-11-29 22:28:19,890 - DEBUG - Crawled (404) <GET https://www.ichingonline.net/hexagram1.php> (referer: None)
2024-11-29 22:28:19,993 - INFO - Ignoring response <404 https://www.ichingonline.net/hexagram1.php>: HTTP status code is not handled or not allowed
2024-11-29 22:28:20,123 - DEBUG - Crawled (404) <GET https://www.ichingonline.net/hexagram1.php> (referer: None)
2024-11-29 22:28:20,227 - INFO - Ignoring response <404 https://www.ichingonline.net/hexagram1.php>: HTTP status code is not handled or not allowed
2024-11-29 22:28:22,609 - DEBUG - Crawled (404) <GET https://www.ichingonline.net/hexagram2.php> (referer: None)
2024-11-29 22:28:22,712 - INFO - Ignoring response <404 https://www.ichingonline.net/hexagram2.php>: HTTP status code is not handled or not allowed
2024-11-29 22:28:23,007 - DEBUG - Crawled (404) <GET https://www.ichingonline.net/hexagram2.php> (referer: None)
2024-11-29 22:28:23,110 - INFO - Ignoring response <404 https://www.ichingonline.net/hexagram2.php>: HTTP status code is not handled or not allowed
2024-11-29 22:28:23,972 - DEBUG - Crawled (404) <GET https://www.ichingonline.net/hexagram3.php> (referer: None)
2024-11-29 22:28:24,076 - INFO - Ignoring response <404 https://www.ichingonline.net/hexagram3.php>: HTTP status code is not handled or not allowed
2024-11-29 22:28:25,622 - DEBUG - Crawled (404) <GET https://www.ichingonline.net/hexagram3.php> (referer: None)
2024-11-29 22:28:25,725 - INFO - Ignoring response <404 https://www.ichingonline.net/hexagram3.php>: HTTP status code is not handled or not allowed
2024-11-29 22:28:26,389 - DEBUG - Crawled (404) <GET https://www.ichingonline.net/hexagram4.php> (referer: None)
2024-11-29 22:28:26,492 - INFO - Ignoring response <404 https://www.ichingonline.net/hexagram4.php>: HTTP status code is not handled or not allowed
2024-11-29 22:28:28,458 - DEBUG - Crawled (404) <GET https://www.ichingonline.net/hexagram4.php> (referer: None)
2024-11-29 22:28:28,562 - INFO - Ignoring response <404 https://www.ichingonline.net/hexagram4.php>: HTTP status code is not handled or not allowed
2024-11-29 22:28:28,813 - DEBUG - Crawled (404) <GET https://www.ichingonline.net/hexagram5.php> (referer: None)
2024-11-29 22:28:28,917 - INFO - Ignoring response <404 https://www.ichingonline.net/hexagram5.php>: HTTP status code is not handled or not allowed
2024-11-29 22:28:30,752 - DEBUG - Crawled (404) <GET https://www.ichingonline.net/hexagram5.php> (referer: None)
2024-11-29 22:28:30,854 - INFO - Ignoring response <404 https://www.ichingonline.net/hexagram5.php>: HTTP status code is not handled or not allowed
2024-11-29 22:28:31,238 - DEBUG - Crawled (404) <GET https://www.ichingonline.net/hexagram6.php> (referer: None)
2024-11-29 22:28:31,341 - INFO - Ignoring response <404 https://www.ichingonline.net/hexagram6.php>: HTTP status code is not handled or not allowed
2024-11-29 22:28:31,918 - DEBUG - Crawled (404) <GET https://www.ichingonline.net/hexagram6.php> (referer: None)
2024-11-29 22:28:32,020 - INFO - Ignoring response <404 https://www.ichingonline.net/hexagram6.php>: HTTP status code is not handled or not allowed
2024-11-29 22:28:33,853 - DEBUG - Crawled (404) <GET https://www.ichingonline.net/hexagram7.php> (referer: None)
2024-11-29 22:28:33,956 - INFO - Ignoring response <404 https://www.ichingonline.net/hexagram7.php>: HTTP status code is not handled or not allowed
2024-11-29 22:28:34,329 - DEBUG - Crawled (404) <GET https://www.ichingonline.net/hexagram7.php> (referer: None)
2024-11-29 22:28:34,431 - INFO - Ignoring response <404 https://www.ichingonline.net/hexagram7.php>: HTTP status code is not handled or not allowed
2024-11-29 22:28:36,086 - DEBUG - Crawled (404) <GET https://www.ichingonline.net/hexagram8.php> (referer: None)
2024-11-29 22:28:36,188 - INFO - Ignoring response <404 https://www.ichingonline.net/hexagram8.php>: HTTP status code is not handled or not allowed
2024-11-29 22:28:36,872 - DEBUG - Crawled (404) <GET https://www.ichingonline.net/hexagram8.php> (referer: None)
2024-11-29 22:28:36,976 - INFO - Ignoring response <404 https://www.ichingonline.net/hexagram8.php>: HTTP status code is not handled or not allowed
2024-11-29 22:28:38,937 - DEBUG - Crawled (404) <GET https://www.ichingonline.net/hexagram9.php> (referer: None)
2024-11-29 22:28:39,039 - INFO - Ignoring response <404 https://www.ichingonline.net/hexagram9.php>: HTTP status code is not handled or not allowed
2024-11-29 22:28:39,304 - DEBUG - Crawled (404) <GET https://www.ichingonline.net/hexagram9.php> (referer: None)
2024-11-29 22:28:39,406 - INFO - Ignoring response <404 https://www.ichingonline.net/hexagram9.php>: HTTP status code is not handled or not allowed
2024-11-29 22:28:41,335 - DEBUG - Crawled (404) <GET https://www.ichingonline.net/hexagram10.php> (referer: None)
2024-11-29 22:28:41,437 - INFO - Ignoring response <404 https://www.ichingonline.net/hexagram10.php>: HTTP status code is not handled or not allowed
2024-11-29 22:28:41,709 - DEBUG - Crawled (404) <GET https://www.ichingonline.net/hexagram10.php> (referer: None)
2024-11-29 22:28:41,812 - INFO - Ignoring response <404 https://www.ichingonline.net/hexagram10.php>: HTTP status code is not handled or not allowed
2024-11-29 22:28:44,146 - DEBUG - Crawled (404) <GET https://www.ichingonline.net/hexagram11.php> (referer: None)
2024-11-29 22:28:44,249 - INFO - Ignoring response <404 https://www.ichingonline.net/hexagram11.php>: HTTP status code is not handled or not allowed
2024-11-29 22:28:44,712 - DEBUG - Crawled (404) <GET https://www.ichingonline.net/hexagram11.php> (referer: None)
2024-11-29 22:28:44,815 - INFO - Ignoring response <404 https://www.ichingonline.net/hexagram11.php>: HTTP status code is not handled or not allowed
2024-11-29 22:28:46,443 - DEBUG - Crawled (404) <GET https://www.ichingonline.net/hexagram12.php> (referer: None)
2024-11-29 22:28:46,546 - INFO - Ignoring response <404 https://www.ichingonline.net/hexagram12.php>: HTTP status code is not handled or not allowed
2024-11-29 22:28:47,561 - DEBUG - Crawled (404) <GET https://www.ichingonline.net/hexagram12.php> (referer: None)
2024-11-29 22:28:47,663 - INFO - Ignoring response <404 https://www.ichingonline.net/hexagram12.php>: HTTP status code is not handled or not allowed
2024-11-29 22:28:49,067 - DEBUG - Crawled (404) <GET https://www.ichingonline.net/hexagram13.php> (referer: None)
2024-11-29 22:28:49,169 - INFO - Ignoring response <404 https://www.ichingonline.net/hexagram13.php>: HTTP status code is not handled or not allowed
2024-11-29 22:28:49,711 - DEBUG - Crawled (404) <GET https://www.ichingonline.net/hexagram13.php> (referer: None)
2024-11-29 22:28:49,813 - INFO - Ignoring response <404 https://www.ichingonline.net/hexagram13.php>: HTTP status code is not handled or not allowed
2024-11-29 22:28:51,915 - DEBUG - Crawled (404) <GET https://www.ichingonline.net/hexagram14.php> (referer: None)
2024-11-29 22:28:52,017 - INFO - Ignoring response <404 https://www.ichingonline.net/hexagram14.php>: HTTP status code is not handled or not allowed
2024-11-29 22:28:52,112 - DEBUG - Crawled (404) <GET https://www.ichingonline.net/hexagram14.php> (referer: None)
2024-11-29 22:28:52,214 - INFO - Ignoring response <404 https://www.ichingonline.net/hexagram14.php>: HTTP status code is not handled or not allowed
2024-11-29 22:28:54,117 - DEBUG - Crawled (404) <GET https://www.ichingonline.net/hexagram15.php> (referer: None)
2024-11-29 22:28:54,219 - INFO - Ignoring response <404 https://www.ichingonline.net/hexagram15.php>: HTTP status code is not handled or not allowed
2024-11-29 22:28:54,263 - DEBUG - Crawled (404) <GET https://www.ichingonline.net/hexagram15.php> (referer: None)
2024-11-29 22:28:54,365 - INFO - Ignoring response <404 https://www.ichingonline.net/hexagram15.php>: HTTP status code is not handled or not allowed
2024-11-29 22:28:56,201 - DEBUG - Crawled (404) <GET https://www.ichingonline.net/hexagram16.php> (referer: None)
2024-11-29 22:28:56,303 - INFO - Ignoring response <404 https://www.ichingonline.net/hexagram16.php>: HTTP status code is not handled or not allowed
2024-11-29 22:28:57,084 - DEBUG - Crawled (404) <GET https://www.ichingonline.net/hexagram16.php> (referer: None)
2024-11-29 22:28:57,187 - INFO - Ignoring response <404 https://www.ichingonline.net/hexagram16.php>: HTTP status code is not handled or not allowed
2024-11-29 22:28:58,389 - DEBUG - Crawled (404) <GET https://www.ichingonline.net/hexagram17.php> (referer: None)
2024-11-29 22:28:58,492 - INFO - Ignoring response <404 https://www.ichingonline.net/hexagram17.php>: HTTP status code is not handled or not allowed
2024-11-29 22:28:59,062 - DEBUG - Crawled (404) <GET https://www.ichingonline.net/hexagram17.php> (referer: None)
2024-11-29 22:28:59,164 - INFO - Ignoring response <404 https://www.ichingonline.net/hexagram17.php>: HTTP status code is not handled or not allowed
2024-11-29 22:29:01,322 - DEBUG - Crawled (404) <GET https://www.ichingonline.net/hexagram18.php> (referer: None)
2024-11-29 22:29:01,424 - INFO - Ignoring response <404 https://www.ichingonline.net/hexagram18.php>: HTTP status code is not handled or not allowed
2024-11-29 22:29:02,045 - DEBUG - Crawled (404) <GET https://www.ichingonline.net/hexagram18.php> (referer: None)
2024-11-29 22:29:02,148 - INFO - Ignoring response <404 https://www.ichingonline.net/hexagram18.php>: HTTP status code is not handled or not allowed
2024-11-29 22:29:03,447 - DEBUG - Crawled (404) <GET https://www.ichingonline.net/hexagram19.php> (referer: None)
2024-11-29 22:29:03,549 - INFO - Ignoring response <404 https://www.ichingonline.net/hexagram19.php>: HTTP status code is not handled or not allowed
2024-11-29 22:29:04,483 - DEBUG - Crawled (404) <GET https://www.ichingonline.net/hexagram19.php> (referer: None)
2024-11-29 22:29:04,585 - INFO - Ignoring response <404 https://www.ichingonline.net/hexagram19.php>: HTTP status code is not handled or not allowed
2024-11-29 22:29:06,283 - DEBUG - Crawled (404) <GET https://www.ichingonline.net/hexagram20.php> (referer: None)
2024-11-29 22:29:06,386 - INFO - Ignoring response <404 https://www.ichingonline.net/hexagram20.php>: HTTP status code is not handled or not allowed
2024-11-29 22:29:06,962 - DEBUG - Crawled (404) <GET https://www.ichingonline.net/hexagram20.php> (referer: None)
2024-11-29 22:29:07,065 - INFO - Ignoring response <404 https://www.ichingonline.net/hexagram20.php>: HTTP status code is not handled or not allowed
2024-11-29 22:29:08,208 - DEBUG - Crawled (404) <GET https://www.ichingonline.net/hexagram21.php> (referer: None)
2024-11-29 22:29:08,311 - INFO - Ignoring response <404 https://www.ichingonline.net/hexagram21.php>: HTTP status code is not handled or not allowed
2024-11-29 22:29:09,162 - DEBUG - Crawled (404) <GET https://www.ichingonline.net/hexagram21.php> (referer: None)
2024-11-29 22:29:09,264 - INFO - Ignoring response <404 https://www.ichingonline.net/hexagram21.php>: HTTP status code is not handled or not allowed
2024-11-29 22:29:10,189 - DEBUG - Crawled (404) <GET https://www.ichingonline.net/hexagram22.php> (referer: None)
2024-11-29 22:29:10,292 - INFO - Ignoring response <404 https://www.ichingonline.net/hexagram22.php>: HTTP status code is not handled or not allowed
2024-11-29 22:29:11,694 - DEBUG - Crawled (404) <GET https://www.ichingonline.net/hexagram22.php> (referer: None)
2024-11-29 22:29:11,798 - INFO - Ignoring response <404 https://www.ichingonline.net/hexagram22.php>: HTTP status code is not handled or not allowed
2024-11-29 22:29:11,838 - DEBUG - Crawled (404) <GET https://www.ichingonline.net/hexagram23.php> (referer: None)
2024-11-29 22:29:11,941 - INFO - Ignoring response <404 https://www.ichingonline.net/hexagram23.php>: HTTP status code is not handled or not allowed
2024-11-29 22:29:13,367 - DEBUG - Crawled (404) <GET https://www.ichingonline.net/hexagram23.php> (referer: None)
2024-11-29 22:29:13,471 - INFO - Ignoring response <404 https://www.ichingonline.net/hexagram23.php>: HTTP status code is not handled or not allowed
2024-11-29 22:29:13,766 - DEBUG - Crawled (404) <GET https://www.ichingonline.net/hexagram24.php> (referer: None)
2024-11-29 22:29:13,870 - INFO - Ignoring response <404 https://www.ichingonline.net/hexagram24.php>: HTTP status code is not handled or not allowed
2024-11-29 22:29:15,732 - DEBUG - Crawled (404) <GET https://www.ichingonline.net/hexagram24.php> (referer: None)
2024-11-29 22:29:15,836 - INFO - Ignoring response <404 https://www.ichingonline.net/hexagram24.php>: HTTP status code is not handled or not allowed
2024-11-29 22:29:16,753 - DEBUG - Crawled (404) <GET https://www.ichingonline.net/hexagram25.php> (referer: None)
2024-11-29 22:29:16,856 - INFO - Ignoring response <404 https://www.ichingonline.net/hexagram25.php>: HTTP status code is not handled or not allowed
2024-11-29 22:29:17,530 - INFO - Crawled 25 pages (at 25 pages/min), scraped 0 items (at 0 items/min)
2024-11-29 22:29:17,530 - INFO - Crawled 26 pages (at 26 pages/min), scraped 0 items (at 0 items/min)
2024-11-29 22:29:18,306 - DEBUG - Crawled (404) <GET https://www.ichingonline.net/hexagram25.php> (referer: None)
2024-11-29 22:29:18,410 - INFO - Ignoring response <404 https://www.ichingonline.net/hexagram25.php>: HTTP status code is not handled or not allowed
2024-11-29 22:29:19,592 - DEBUG - Crawled (404) <GET https://www.ichingonline.net/hexagram26.php> (referer: None)
2024-11-29 22:29:19,694 - INFO - Ignoring response <404 https://www.ichingonline.net/hexagram26.php>: HTTP status code is not handled or not allowed
2024-11-29 22:29:21,178 - DEBUG - Crawled (404) <GET https://www.ichingonline.net/hexagram26.php> (referer: None)
2024-11-29 22:29:21,280 - INFO - Ignoring response <404 https://www.ichingonline.net/hexagram26.php>: HTTP status code is not handled or not allowed
2024-11-29 22:29:21,873 - DEBUG - Crawled (404) <GET https://www.ichingonline.net/hexagram27.php> (referer: None)
2024-11-29 22:29:21,976 - INFO - Ignoring response <404 https://www.ichingonline.net/hexagram27.php>: HTTP status code is not handled or not allowed
2024-11-29 22:29:23,859 - DEBUG - Crawled (404) <GET https://www.ichingonline.net/hexagram27.php> (referer: None)
2024-11-29 22:29:23,961 - INFO - Ignoring response <404 https://www.ichingonline.net/hexagram27.php>: HTTP status code is not handled or not allowed
2024-11-29 22:29:24,737 - DEBUG - Crawled (404) <GET https://www.ichingonline.net/hexagram28.php> (referer: None)
2024-11-29 22:29:24,841 - INFO - Ignoring response <404 https://www.ichingonline.net/hexagram28.php>: HTTP status code is not handled or not allowed
2024-11-29 22:29:25,944 - DEBUG - Crawled (404) <GET https://www.ichingonline.net/hexagram28.php> (referer: None)
2024-11-29 22:29:26,047 - INFO - Ignoring response <404 https://www.ichingonline.net/hexagram28.php>: HTTP status code is not handled or not allowed
2024-11-29 22:29:27,392 - DEBUG - Crawled (404) <GET https://www.ichingonline.net/hexagram29.php> (referer: None)
2024-11-29 22:29:27,496 - INFO - Ignoring response <404 https://www.ichingonline.net/hexagram29.php>: HTTP status code is not handled or not allowed
2024-11-29 22:29:28,725 - DEBUG - Crawled (404) <GET https://www.ichingonline.net/hexagram29.php> (referer: None)
2024-11-29 22:29:28,827 - INFO - Ignoring response <404 https://www.ichingonline.net/hexagram29.php>: HTTP status code is not handled or not allowed
2024-11-29 22:29:30,092 - DEBUG - Crawled (404) <GET https://www.ichingonline.net/hexagram30.php> (referer: None)
2024-11-29 22:29:30,196 - INFO - Ignoring response <404 https://www.ichingonline.net/hexagram30.php>: HTTP status code is not handled or not allowed
2024-11-29 22:29:31,638 - DEBUG - Crawled (404) <GET https://www.ichingonline.net/hexagram30.php> (referer: None)
2024-11-29 22:29:31,740 - INFO - Ignoring response <404 https://www.ichingonline.net/hexagram30.php>: HTTP status code is not handled or not allowed
2024-11-29 22:29:32,748 - DEBUG - Crawled (404) <GET https://www.ichingonline.net/hexagram31.php> (referer: None)
2024-11-29 22:29:32,851 - INFO - Ignoring response <404 https://www.ichingonline.net/hexagram31.php>: HTTP status code is not handled or not allowed
2024-11-29 22:29:34,509 - DEBUG - Crawled (404) <GET https://www.ichingonline.net/hexagram31.php> (referer: None)
2024-11-29 22:29:34,611 - INFO - Ignoring response <404 https://www.ichingonline.net/hexagram31.php>: HTTP status code is not handled or not allowed
2024-11-29 22:29:34,856 - DEBUG - Crawled (404) <GET https://www.ichingonline.net/hexagram32.php> (referer: None)
2024-11-29 22:29:34,959 - INFO - Ignoring response <404 https://www.ichingonline.net/hexagram32.php>: HTTP status code is not handled or not allowed
2024-11-29 22:29:37,422 - DEBUG - Crawled (404) <GET https://www.ichingonline.net/hexagram33.php> (referer: None)
2024-11-29 22:29:37,506 - DEBUG - Crawled (404) <GET https://www.ichingonline.net/hexagram32.php> (referer: None)
2024-11-29 22:29:37,525 - INFO - Ignoring response <404 https://www.ichingonline.net/hexagram33.php>: HTTP status code is not handled or not allowed
2024-11-29 22:29:37,610 - INFO - Ignoring response <404 https://www.ichingonline.net/hexagram32.php>: HTTP status code is not handled or not allowed
2024-11-29 22:29:39,091 - DEBUG - Crawled (404) <GET https://www.ichingonline.net/hexagram33.php> (referer: None)
2024-11-29 22:29:39,194 - INFO - Ignoring response <404 https://www.ichingonline.net/hexagram33.php>: HTTP status code is not handled or not allowed
2024-11-29 22:29:39,740 - DEBUG - Crawled (404) <GET https://www.ichingonline.net/hexagram34.php> (referer: None)
2024-11-29 22:29:39,846 - INFO - Ignoring response <404 https://www.ichingonline.net/hexagram34.php>: HTTP status code is not handled or not allowed
2024-11-29 22:29:41,432 - DEBUG - Crawled (404) <GET https://www.ichingonline.net/hexagram34.php> (referer: None)
2024-11-29 22:29:41,535 - INFO - Ignoring response <404 https://www.ichingonline.net/hexagram34.php>: HTTP status code is not handled or not allowed
2024-11-29 22:29:42,221 - DEBUG - Crawled (404) <GET https://www.ichingonline.net/hexagram35.php> (referer: None)
2024-11-29 22:29:42,326 - INFO - Ignoring response <404 https://www.ichingonline.net/hexagram35.php>: HTTP status code is not handled or not allowed
2024-11-29 22:29:43,707 - DEBUG - Crawled (404) <GET https://www.ichingonline.net/hexagram35.php> (referer: None)
2024-11-29 22:29:43,811 - INFO - Ignoring response <404 https://www.ichingonline.net/hexagram35.php>: HTTP status code is not handled or not allowed
2024-11-29 22:29:44,728 - DEBUG - Crawled (404) <GET https://www.ichingonline.net/hexagram36.php> (referer: None)
2024-11-29 22:29:44,830 - INFO - Ignoring response <404 https://www.ichingonline.net/hexagram36.php>: HTTP status code is not handled or not allowed
2024-11-29 22:29:46,268 - DEBUG - Crawled (404) <GET https://www.ichingonline.net/hexagram36.php> (referer: None)
2024-11-29 22:29:46,372 - INFO - Ignoring response <404 https://www.ichingonline.net/hexagram36.php>: HTTP status code is not handled or not allowed
2024-11-29 22:29:47,708 - DEBUG - Crawled (404) <GET https://www.ichingonline.net/hexagram37.php> (referer: None)
2024-11-29 22:29:47,811 - INFO - Ignoring response <404 https://www.ichingonline.net/hexagram37.php>: HTTP status code is not handled or not allowed
2024-11-29 22:29:49,213 - DEBUG - Crawled (404) <GET https://www.ichingonline.net/hexagram37.php> (referer: None)
2024-11-29 22:29:49,317 - INFO - Ignoring response <404 https://www.ichingonline.net/hexagram37.php>: HTTP status code is not handled or not allowed
2024-11-29 22:29:50,178 - DEBUG - Crawled (404) <GET https://www.ichingonline.net/hexagram38.php> (referer: None)
2024-11-29 22:29:50,280 - INFO - Ignoring response <404 https://www.ichingonline.net/hexagram38.php>: HTTP status code is not handled or not allowed
2024-11-29 22:29:51,994 - DEBUG - Crawled (404) <GET https://www.ichingonline.net/hexagram38.php> (referer: None)
2024-11-29 22:29:52,096 - INFO - Ignoring response <404 https://www.ichingonline.net/hexagram38.php>: HTTP status code is not handled or not allowed
2024-11-29 22:29:52,108 - DEBUG - Crawled (404) <GET https://www.ichingonline.net/hexagram39.php> (referer: None)
2024-11-29 22:29:52,211 - INFO - Ignoring response <404 https://www.ichingonline.net/hexagram39.php>: HTTP status code is not handled or not allowed
2024-11-29 22:29:54,044 - DEBUG - Crawled (404) <GET https://www.ichingonline.net/hexagram40.php> (referer: None)
2024-11-29 22:29:54,150 - INFO - Ignoring response <404 https://www.ichingonline.net/hexagram40.php>: HTTP status code is not handled or not allowed
2024-11-29 22:29:54,755 - DEBUG - Crawled (404) <GET https://www.ichingonline.net/hexagram39.php> (referer: None)
2024-11-29 22:29:54,858 - INFO - Ignoring response <404 https://www.ichingonline.net/hexagram39.php>: HTTP status code is not handled or not allowed
2024-11-29 22:29:56,504 - DEBUG - Crawled (404) <GET https://www.ichingonline.net/hexagram40.php> (referer: None)
2024-11-29 22:29:56,609 - INFO - Ignoring response <404 https://www.ichingonline.net/hexagram40.php>: HTTP status code is not handled or not allowed
2024-11-29 22:29:56,879 - DEBUG - Crawled (404) <GET https://www.ichingonline.net/hexagram41.php> (referer: None)
2024-11-29 22:29:56,983 - INFO - Ignoring response <404 https://www.ichingonline.net/hexagram41.php>: HTTP status code is not handled or not allowed
2024-11-29 22:29:58,560 - DEBUG - Crawled (404) <GET https://www.ichingonline.net/hexagram41.php> (referer: None)
2024-11-29 22:29:58,665 - INFO - Ignoring response <404 https://www.ichingonline.net/hexagram41.php>: HTTP status code is not handled or not allowed
2024-11-29 22:29:59,013 - DEBUG - Crawled (404) <GET https://www.ichingonline.net/hexagram42.php> (referer: None)
2024-11-29 22:29:59,117 - INFO - Ignoring response <404 https://www.ichingonline.net/hexagram42.php>: HTTP status code is not handled or not allowed
2024-11-29 22:30:00,267 - DEBUG - Crawled (404) <GET https://www.ichingonline.net/hexagram42.php> (referer: None)
2024-11-29 22:30:00,371 - INFO - Ignoring response <404 https://www.ichingonline.net/hexagram42.php>: HTTP status code is not handled or not allowed
2024-11-29 22:30:01,781 - DEBUG - Crawled (404) <GET https://www.ichingonline.net/hexagram43.php> (referer: None)
2024-11-29 22:30:01,883 - INFO - Ignoring response <404 https://www.ichingonline.net/hexagram43.php>: HTTP status code is not handled or not allowed
2024-11-29 22:30:02,942 - DEBUG - Crawled (404) <GET https://www.ichingonline.net/hexagram43.php> (referer: None)
2024-11-29 22:30:03,045 - INFO - Ignoring response <404 https://www.ichingonline.net/hexagram43.php>: HTTP status code is not handled or not allowed
2024-11-29 22:30:04,747 - DEBUG - Crawled (404) <GET https://www.ichingonline.net/hexagram44.php> (referer: None)
2024-11-29 22:30:04,851 - INFO - Ignoring response <404 https://www.ichingonline.net/hexagram44.php>: HTTP status code is not handled or not allowed
2024-11-29 22:30:05,798 - DEBUG - Crawled (404) <GET https://www.ichingonline.net/hexagram44.php> (referer: None)
2024-11-29 22:30:05,901 - INFO - Ignoring response <404 https://www.ichingonline.net/hexagram44.php>: HTTP status code is not handled or not allowed
2024-11-29 22:30:06,817 - DEBUG - Crawled (404) <GET https://www.ichingonline.net/hexagram45.php> (referer: None)
2024-11-29 22:30:06,928 - INFO - Ignoring response <404 https://www.ichingonline.net/hexagram45.php>: HTTP status code is not handled or not allowed
2024-11-29 22:30:07,355 - DEBUG - Crawled (404) <GET https://www.ichingonline.net/hexagram45.php> (referer: None)
2024-11-29 22:30:07,458 - INFO - Ignoring response <404 https://www.ichingonline.net/hexagram45.php>: HTTP status code is not handled or not allowed
2024-11-29 22:30:09,417 - DEBUG - Crawled (404) <GET https://www.ichingonline.net/hexagram46.php> (referer: None)
2024-11-29 22:30:09,519 - INFO - Ignoring response <404 https://www.ichingonline.net/hexagram46.php>: HTTP status code is not handled or not allowed
2024-11-29 22:30:10,237 - DEBUG - Crawled (404) <GET https://www.ichingonline.net/hexagram46.php> (referer: None)
2024-11-29 22:30:10,339 - INFO - Ignoring response <404 https://www.ichingonline.net/hexagram46.php>: HTTP status code is not handled or not allowed
2024-11-29 22:30:11,868 - DEBUG - Crawled (404) <GET https://www.ichingonline.net/hexagram47.php> (referer: None)
2024-11-29 22:30:11,972 - INFO - Ignoring response <404 https://www.ichingonline.net/hexagram47.php>: HTTP status code is not handled or not allowed
2024-11-29 22:30:12,169 - DEBUG - Crawled (404) <GET https://www.ichingonline.net/hexagram47.php> (referer: None)
2024-11-29 22:30:12,272 - INFO - Ignoring response <404 https://www.ichingonline.net/hexagram47.php>: HTTP status code is not handled or not allowed
2024-11-29 22:30:14,529 - DEBUG - Crawled (404) <GET https://www.ichingonline.net/hexagram48.php> (referer: None)
2024-11-29 22:30:14,594 - DEBUG - Crawled (404) <GET https://www.ichingonline.net/hexagram48.php> (referer: None)
2024-11-29 22:30:14,632 - INFO - Ignoring response <404 https://www.ichingonline.net/hexagram48.php>: HTTP status code is not handled or not allowed
2024-11-29 22:30:14,697 - INFO - Ignoring response <404 https://www.ichingonline.net/hexagram48.php>: HTTP status code is not handled or not allowed
2024-11-29 22:30:17,324 - DEBUG - Crawled (404) <GET https://www.ichingonline.net/hexagram49.php> (referer: None)
2024-11-29 22:30:17,426 - INFO - Ignoring response <404 https://www.ichingonline.net/hexagram49.php>: HTTP status code is not handled or not allowed
2024-11-29 22:30:17,507 - DEBUG - Crawled (404) <GET https://www.ichingonline.net/hexagram49.php> (referer: None)
2024-11-29 22:30:17,530 - INFO - Crawled 50 pages (at 24 pages/min), scraped 0 items (at 0 items/min)
2024-11-29 22:30:17,530 - INFO - Crawled 50 pages (at 25 pages/min), scraped 0 items (at 0 items/min)
2024-11-29 22:30:17,610 - INFO - Ignoring response <404 https://www.ichingonline.net/hexagram49.php>: HTTP status code is not handled or not allowed
2024-11-29 22:30:19,837 - DEBUG - Crawled (404) <GET https://www.ichingonline.net/hexagram50.php> (referer: None)
2024-11-29 22:30:19,940 - INFO - Ignoring response <404 https://www.ichingonline.net/hexagram50.php>: HTTP status code is not handled or not allowed
2024-11-29 22:30:20,179 - DEBUG - Crawled (404) <GET https://www.ichingonline.net/hexagram50.php> (referer: None)
2024-11-29 22:30:20,282 - INFO - Ignoring response <404 https://www.ichingonline.net/hexagram50.php>: HTTP status code is not handled or not allowed
2024-11-29 22:30:22,511 - DEBUG - Crawled (404) <GET https://www.ichingonline.net/hexagram51.php> (referer: None)
2024-11-29 22:30:22,627 - INFO - Ignoring response <404 https://www.ichingonline.net/hexagram51.php>: HTTP status code is not handled or not allowed
2024-11-29 22:30:22,638 - DEBUG - Crawled (404) <GET https://www.ichingonline.net/hexagram51.php> (referer: None)
2024-11-29 22:30:22,742 - INFO - Ignoring response <404 https://www.ichingonline.net/hexagram51.php>: HTTP status code is not handled or not allowed
2024-11-29 22:30:24,812 - DEBUG - Crawled (404) <GET https://www.ichingonline.net/hexagram52.php> (referer: None)
2024-11-29 22:30:24,913 - INFO - Ignoring response <404 https://www.ichingonline.net/hexagram52.php>: HTTP status code is not handled or not allowed
2024-11-29 22:30:25,384 - DEBUG - Crawled (404) <GET https://www.ichingonline.net/hexagram52.php> (referer: None)
2024-11-29 22:30:25,487 - INFO - Ignoring response <404 https://www.ichingonline.net/hexagram52.php>: HTTP status code is not handled or not allowed
2024-11-29 22:30:27,695 - DEBUG - Crawled (404) <GET https://www.ichingonline.net/hexagram53.php> (referer: None)
2024-11-29 22:30:27,694 - DEBUG - Crawled (404) <GET https://www.ichingonline.net/hexagram53.php> (referer: None)
2024-11-29 22:30:27,798 - INFO - Ignoring response <404 https://www.ichingonline.net/hexagram53.php>: HTTP status code is not handled or not allowed
2024-11-29 22:30:27,798 - INFO - Ignoring response <404 https://www.ichingonline.net/hexagram53.php>: HTTP status code is not handled or not allowed
2024-11-29 22:30:29,892 - DEBUG - Crawled (404) <GET https://www.ichingonline.net/hexagram54.php> (referer: None)
2024-11-29 22:30:29,996 - INFO - Ignoring response <404 https://www.ichingonline.net/hexagram54.php>: HTTP status code is not handled or not allowed
2024-11-29 22:30:30,401 - DEBUG - Crawled (404) <GET https://www.ichingonline.net/hexagram54.php> (referer: None)
2024-11-29 22:30:30,505 - INFO - Ignoring response <404 https://www.ichingonline.net/hexagram54.php>: HTTP status code is not handled or not allowed
2024-11-29 22:30:31,194 - INFO - Received SIGINT, shutting down gracefully. Send again to force 
2024-11-29 22:30:31,196 - INFO - Closing spider (shutdown)
2024-11-29 22:30:31,347 - DEBUG - Crawled (404) <GET https://www.ichingonline.net/hexagram55.php> (referer: None)
2024-11-29 22:30:31,450 - INFO - Ignoring response <404 https://www.ichingonline.net/hexagram55.php>: HTTP status code is not handled or not allowed
2024-11-29 22:30:32,532 - DEBUG - Crawled (404) <GET https://www.ichingonline.net/hexagram55.php> (referer: None)
2024-11-29 22:30:32,634 - INFO - Ignoring response <404 https://www.ichingonline.net/hexagram55.php>: HTTP status code is not handled or not allowed
2024-11-29 22:30:32,650 - INFO - Stored json feed (0 items) in: iching/data/readings.json
2024-11-29 22:30:32,654 - INFO - Dumping Scrapy stats:
{'downloader/request_bytes': 17627,
 'downloader/request_count': 56,
 'downloader/request_method_count/GET': 56,
 'downloader/response_bytes': 78516,
 'downloader/response_count': 56,
 'downloader/response_status_count/200': 1,
 'downloader/response_status_count/404': 55,
 'elapsed_time_seconds': 135.110594,
 'feedexport/success_count/FileFeedStorage': 1,
 'finish_reason': 'shutdown',
 'finish_time': datetime.datetime(2024, 11, 29, 22, 30, 32, 640019, tzinfo=datetime.timezone.utc),
 'httpcompression/response_bytes': 365,
 'httpcompression/response_count': 1,
 'httperror/response_ignored_count': 55,
 'httperror/response_ignored_status_count/404': 55,
 'items_per_minute': None,
 'log_count/DEBUG': 57,
 'log_count/INFO': 70,
 'memusage/max': 69210112,
 'memusage/startup': 67383296,
 'response_received_count': 56,
 'responses_per_minute': None,
 'robotstxt/request_count': 1,
 'robotstxt/response_count': 1,
 'robotstxt/response_status_count/200': 1,
 'scheduler/dequeued': 55,
 'scheduler/dequeued/memory': 55,
 'scheduler/enqueued': 55,
 'scheduler/enqueued/memory': 55,
 'start_time': datetime.datetime(2024, 11, 29, 22, 28, 17, 529425, tzinfo=datetime.timezone.utc)}
2024-11-29 22:30:32,655 - INFO - Spider closed (shutdown)
2024-11-29 22:30:32,723 - INFO - Successfully cached readings
2024-11-29 22:30:32,724 - INFO - Successfully scraped 0 hexagrams
2024-11-29 22:30:33,620 - DEBUG - Crawled (404) <GET https://www.ichingonline.net/hexagram56.php> (referer: None)
2024-11-29 22:30:33,722 - INFO - Ignoring response <404 https://www.ichingonline.net/hexagram56.php>: HTTP status code is not handled or not allowed
2024-11-29 22:30:36,537 - DEBUG - Crawled (404) <GET https://www.ichingonline.net/hexagram57.php> (referer: None)
2024-11-29 22:30:36,639 - INFO - Ignoring response <404 https://www.ichingonline.net/hexagram57.php>: HTTP status code is not handled or not allowed
2024-11-29 22:30:38,990 - DEBUG - Crawled (404) <GET https://www.ichingonline.net/hexagram58.php> (referer: None)
2024-11-29 22:30:39,093 - INFO - Ignoring response <404 https://www.ichingonline.net/hexagram58.php>: HTTP status code is not handled or not allowed
2024-11-29 22:30:40,023 - INFO - Initializing IChingScraper
2024-11-29 22:30:40,028 - INFO - Scraper initialized
2024-11-29 22:30:40,034 - INFO - Attempting to load cached data
2024-11-29 22:30:41,282 - DEBUG - Crawled (404) <GET https://www.ichingonline.net/hexagram59.php> (referer: None)
2024-11-29 22:30:41,384 - INFO - Ignoring response <404 https://www.ichingonline.net/hexagram59.php>: HTTP status code is not handled or not allowed
2024-11-29 22:30:44,151 - DEBUG - Crawled (404) <GET https://www.ichingonline.net/hexagram60.php> (referer: None)
2024-11-29 22:30:44,253 - INFO - Ignoring response <404 https://www.ichingonline.net/hexagram60.php>: HTTP status code is not handled or not allowed
2024-11-29 22:30:47,142 - DEBUG - Crawled (404) <GET https://www.ichingonline.net/hexagram61.php> (referer: None)
2024-11-29 22:30:47,244 - INFO - Ignoring response <404 https://www.ichingonline.net/hexagram61.php>: HTTP status code is not handled or not allowed
2024-11-29 22:30:50,082 - DEBUG - Crawled (404) <GET https://www.ichingonline.net/hexagram62.php> (referer: None)
2024-11-29 22:30:50,185 - INFO - Ignoring response <404 https://www.ichingonline.net/hexagram62.php>: HTTP status code is not handled or not allowed
2024-11-29 22:30:52,959 - DEBUG - Crawled (404) <GET https://www.ichingonline.net/hexagram63.php> (referer: None)
2024-11-29 22:30:53,063 - INFO - Ignoring response <404 https://www.ichingonline.net/hexagram63.php>: HTTP status code is not handled or not allowed
2024-11-29 22:30:55,948 - DEBUG - Crawled (404) <GET https://www.ichingonline.net/hexagram64.php> (referer: None)
2024-11-29 22:30:56,051 - INFO - Ignoring response <404 https://www.ichingonline.net/hexagram64.php>: HTTP status code is not handled or not allowed
2024-11-29 22:30:56,056 - INFO - Closing spider (finished)
2024-11-29 22:30:56,068 - INFO - Stored json feed (0 items) in: iching/data/readings.json
2024-11-29 22:30:56,071 - INFO - Dumping Scrapy stats:
{'downloader/request_bytes': 20462,
 'downloader/request_count': 65,
 'downloader/request_method_count/GET': 65,
 'downloader/response_bytes': 91278,
 'downloader/response_count': 65,
 'downloader/response_status_count/200': 1,
 'downloader/response_status_count/404': 64,
 'elapsed_time_seconds': 158.529125,
 'feedexport/success_count/FileFeedStorage': 1,
 'finish_reason': 'finished',
 'finish_time': datetime.datetime(2024, 11, 29, 22, 30, 56, 58298, tzinfo=datetime.timezone.utc),
 'httpcompression/response_bytes': 365,
 'httpcompression/response_count': 1,
 'httperror/response_ignored_count': 64,
 'httperror/response_ignored_status_count/404': 64,
 'items_per_minute': None,
 'log_count/DEBUG': 66,
 'log_count/INFO': 78,
 'memusage/max': 69308416,
 'memusage/startup': 67604480,
 'response_received_count': 65,
 'responses_per_minute': None,
 'robotstxt/request_count': 1,
 'robotstxt/response_count': 1,
 'robotstxt/response_status_count/200': 1,
 'scheduler/dequeued': 64,
 'scheduler/dequeued/memory': 64,
 'scheduler/enqueued': 64,
 'scheduler/enqueued/memory': 64,
 'start_time': datetime.datetime(2024, 11, 29, 22, 28, 17, 529173, tzinfo=datetime.timezone.utc)}
2024-11-29 22:30:56,072 - INFO - Spider closed (finished)
2024-11-29 22:30:56,156 - INFO - Successfully cached readings
2024-11-29 22:30:56,157 - INFO - Successfully scraped 0 hexagrams
2024-11-29 22:32:08,824 - INFO - Initializing IChingScraper
2024-11-29 22:32:08,830 - INFO - Scraper initialized
2024-11-29 22:32:08,835 - INFO - Attempting to load cached data
2024-11-29 22:35:19,634 - INFO - Initializing IChingScraper
2024-11-29 22:35:19,640 - INFO - Scraper initialized
2024-11-29 22:35:19,645 - INFO - Attempting to load cached data
2024-11-29 22:37:15,246 - INFO - Initializing IChingScraper
2024-11-29 22:37:15,252 - INFO - Scraper initialized
2024-11-29 22:37:15,257 - INFO - Attempting to load cached data
2024-11-29 22:40:05,871 - INFO - Initializing IChingScraper
2024-11-29 22:40:05,877 - INFO - Scraper initialized
2024-11-29 22:40:05,881 - INFO - Attempting to load cached data
